<?xml version="1.0" encoding="UTF-8"?>
<!-- Generated by org.testng.reporters.JUnitXMLReporter -->
<testsuite ignored="0" hostname="RajeshVNs-MacBook-Air.local" failures="0" tests="2" name="Default test" time="5.376" errors="0" timestamp="2024-03-26T17:07:57 IST">
  <testcase classname="diff_4_waysToCreat_jsonBody.Different_4ways_json_body_creation" name="deleteRecord" time="3.51"/>
  <testcase classname="diff_4_waysToCreat_jsonBody.Different_4ways_json_body_creation" name="testPost_use_HashMap" time="1.79"/>
</testsuite> <!-- Default test -->
