<?xml version="1.0" encoding="UTF-8"?>
<!-- Generated by org.testng.reporters.JUnitXMLReporter -->
<testsuite ignored="2" hostname="RajeshVNs-MacBook-Air.local" failures="0" tests="2" name="Default test" time="2.809" errors="0" timestamp="2024-03-26T18:12:24 IST">
  <testcase classname="diff_4_waysToCreat_jsonBody.Different_4ways_json_body_creation" name="deleteRecord" time="2.725"/>
  <testcase classname="diff_4_waysToCreat_jsonBody.Different_4ways_json_body_creation" name="test_Post_use_ExtJSON_file" time="0.01"/>
  <testcase classname="diff_4_waysToCreat_jsonBody.Different_4ways_json_body_creation" name="testPost_use_JsonLibrary" time="0.0">
    <ignored/>
  </testcase> <!-- testPost_use_JsonLibrary -->
  <testcase classname="diff_4_waysToCreat_jsonBody.Different_4ways_json_body_creation" name="test_Post_use_POJO" time="0.0">
    <ignored/>
  </testcase> <!-- test_Post_use_POJO -->
</testsuite> <!-- Default test -->
