<?xml version="1.0" encoding="UTF-8"?>
<testng-results ignored="0" total="4" passed="4" failed="0" skipped="0">
  <reporter-output>
  </reporter-output>
  <suite started-at="2024-03-26T14:45:42 IST" name="Default suite" finished-at="2024-03-26T14:45:47 IST" duration-ms="5198">
    <groups>
    </groups>
    <test started-at="2024-03-26T14:45:42 IST" name="Default test" finished-at="2024-03-26T14:45:47 IST" duration-ms="5198">
      <class name="httpRequests.GetPostPutDelete">
        <test-method signature="deletUser()[pri:0, instance:httpRequests.GetPostPutDelete@4803b726]" started-at="2024-03-26T14:45:42 IST" name="deletUser" finished-at="2024-03-26T14:45:45 IST" duration-ms="2599" status="PASS">
          <reporter-output>
          </reporter-output>
        </test-method> <!-- deletUser -->
        <test-method signature="getUser()[pri:0, instance:httpRequests.GetPostPutDelete@4803b726]" started-at="2024-03-26T14:45:45 IST" name="getUser" finished-at="2024-03-26T14:45:46 IST" duration-ms="1125" status="PASS">
          <reporter-output>
          </reporter-output>
        </test-method> <!-- getUser -->
        <test-method signature="creatUser()[pri:1, instance:httpRequests.GetPostPutDelete@4803b726]" started-at="2024-03-26T14:45:46 IST" name="creatUser" finished-at="2024-03-26T14:45:47 IST" duration-ms="946" status="PASS">
          <reporter-output>
          </reporter-output>
        </test-method> <!-- creatUser -->
        <test-method signature="updateUser()[pri:0, instance:httpRequests.GetPostPutDelete@4803b726]" started-at="2024-03-26T14:45:47 IST" name="updateUser" finished-at="2024-03-26T14:45:47 IST" depends-on-methods="httpRequests.GetPostPutDelete.creatUser" duration-ms="442" status="PASS">
          <reporter-output>
          </reporter-output>
        </test-method> <!-- updateUser -->
      </class> <!-- httpRequests.GetPostPutDelete -->
    </test> <!-- Default test -->
  </suite> <!-- Default suite -->
</testng-results>
