<?xml version="1.0" encoding="UTF-8"?>
<testng-results ignored="0" total="2" passed="2" failed="0" skipped="0">
  <reporter-output>
  </reporter-output>
  <suite started-at="2024-03-26T17:07:52 IST" name="Default suite" finished-at="2024-03-26T17:07:57 IST" duration-ms="5376">
    <groups>
    </groups>
    <test started-at="2024-03-26T17:07:52 IST" name="Default test" finished-at="2024-03-26T17:07:57 IST" duration-ms="5376">
      <class name="diff_4_waysToCreat_jsonBody.Different_4ways_json_body_creation">
        <test-method signature="deleteRecord()[pri:0, instance:diff_4_waysToCreat_jsonBody.Different_4ways_json_body_creation@17497425]" started-at="2024-03-26T17:07:52 IST" name="deleteRecord" finished-at="2024-03-26T17:07:56 IST" duration-ms="3510" status="PASS">
          <reporter-output>
          </reporter-output>
        </test-method> <!-- deleteRecord -->
        <test-method signature="testPost_use_HashMap()[pri:0, instance:diff_4_waysToCreat_jsonBody.Different_4ways_json_body_creation@17497425]" started-at="2024-03-26T17:07:56 IST" name="testPost_use_HashMap" finished-at="2024-03-26T17:07:57 IST" duration-ms="1790" status="PASS">
          <reporter-output>
          </reporter-output>
        </test-method> <!-- testPost_use_HashMap -->
      </class> <!-- diff_4_waysToCreat_jsonBody.Different_4ways_json_body_creation -->
    </test> <!-- Default test -->
  </suite> <!-- Default suite -->
</testng-results>
